0 info it worked if it ends with ok
1 verbose cli [ '/usr/bin/nodejs', '/usr/bin/npm', 'start' ]
2 info using npm@3.5.2
3 info using node@v4.2.6
4 verbose run-script [ 'prestart', 'start', 'poststart' ]
5 info lifecycle cs546@1.0.0~prestart: cs546@1.0.0
6 silly lifecycle cs546@1.0.0~prestart: no script for prestart, continuing
7 info lifecycle cs546@1.0.0~start: cs546@1.0.0
8 verbose lifecycle cs546@1.0.0~start: unsafe-perm in lifecycle true
9 verbose lifecycle cs546@1.0.0~start: PATH: /usr/share/npm/bin/node-gyp-bin:/mnt/h/CS546/CS546/CS546/node_modules/.bin:/home/jfallin/bin:/home/jfallin/.local/bin:/usr/local/sbin:/usr/local/bin:/usr/sbin:/usr/bin:/sbin:/bin:/usr/games:/usr/local/games:/mnt/c/ProgramData/Oracle/Java/javapath_target_518375:/mnt/c/Windows/System32:/mnt/c/Windows:/mnt/c/Windows/System32/wbem:/mnt/c/Windows/System32/WindowsPowerShell/v1.0:/mnt/c/Program Files/PuTTY:/mnt/c/Program Files (x86)/Skype/Phone:/mnt/c/Program Files/MiKTeX 2.9/miktex/bin/x64:/mnt/c/Program Files (x86)/NVIDIA Corporation/PhysX/Common:/mnt/c/Users/Jake Fallin/AppData/Local/Microsoft/WindowsApps:/mnt/c/Program Files (x86)/Microsoft VS Code/bin:/mnt/c/Program Files (x86)/Atmel/Flip 3.4.7/bin:/snap/bin
10 verbose lifecycle cs546@1.0.0~start: CWD: /mnt/h/CS546/CS546/CS546
11 silly lifecycle cs546@1.0.0~start: Args: [ '-c', 'node app.js' ]
12 silly lifecycle cs546@1.0.0~start: Returned: code: 1  signal: null
13 info lifecycle cs546@1.0.0~start: Failed to exec start script
14 verbose stack Error: cs546@1.0.0 start: `node app.js`
14 verbose stack Exit status 1
14 verbose stack     at EventEmitter.<anonymous> (/usr/share/npm/lib/utils/lifecycle.js:232:16)
14 verbose stack     at emitTwo (events.js:87:13)
14 verbose stack     at EventEmitter.emit (events.js:172:7)
14 verbose stack     at ChildProcess.<anonymous> (/usr/share/npm/lib/utils/spawn.js:24:14)
14 verbose stack     at emitTwo (events.js:87:13)
14 verbose stack     at ChildProcess.emit (events.js:172:7)
14 verbose stack     at maybeClose (internal/child_process.js:821:16)
14 verbose stack     at Process.ChildProcess._handle.onexit (internal/child_process.js:211:5)
15 verbose pkgid cs546@1.0.0
16 verbose cwd /mnt/h/CS546/CS546/CS546
17 error Linux 4.4.0-17134-Microsoft
18 error argv "/usr/bin/nodejs" "/usr/bin/npm" "start"
19 error node v4.2.6
20 error npm  v3.5.2
21 error code ELIFECYCLE
22 error cs546@1.0.0 start: `node app.js`
22 error Exit status 1
23 error Failed at the cs546@1.0.0 start script 'node app.js'.
23 error Make sure you have the latest version of node.js and npm installed.
23 error If you do, this is most likely a problem with the cs546 package,
23 error not with npm itself.
23 error Tell the author that this fails on your system:
23 error     node app.js
23 error You can get information on how to open an issue for this project with:
23 error     npm bugs cs546
23 error Or if that isn't available, you can get their info via:
23 error     npm owner ls cs546
23 error There is likely additional logging output above.
24 verbose exit [ 1, true ]
